<?xml version="1.0" encoding="UTF-8"?>
<coverage generated="1586570122262" clover="3.2.0">
  <project timestamp="1586570122262" name="All files">
    <metrics statements="44" coveredstatements="40" conditionals="28" coveredconditionals="21" methods="4" coveredmethods="4" elements="76" coveredelements="65" complexity="0" loc="44" ncloc="44" packages="1" files="2" classes="2"/>
    <file name="phoneBook.js" path="/Users/codeponpon/Workspace/codeponpon/medcury-test/app/services/phoneBook.js">
      <metrics statements="42" coveredstatements="38" conditionals="28" coveredconditionals="21" methods="3" coveredmethods="3"/>
      <line num="2" count="8" type="stmt"/>
      <line num="3" count="8" type="stmt"/>
      <line num="4" count="8" type="stmt"/>
      <line num="5" count="168" type="cond" truecount="2" falsecount="0"/>
      <line num="6" count="8" type="stmt"/>
      <line num="10" count="8" type="cond" truecount="2" falsecount="0"/>
      <line num="11" count="6" type="stmt"/>
      <line num="12" count="6" type="stmt"/>
      <line num="13" count="6" type="stmt"/>
      <line num="14" count="6" type="stmt"/>
      <line num="15" count="6" type="stmt"/>
      <line num="16" count="132" type="stmt"/>
      <line num="17" count="132" type="stmt"/>
      <line num="18" count="132" type="stmt"/>
      <line num="19" count="132" type="stmt"/>
      <line num="20" count="132" type="stmt"/>
      <line num="21" count="132" type="stmt"/>
      <line num="23" count="132" type="cond" truecount="4" falsecount="0"/>
      <line num="24" count="6" type="stmt"/>
      <line num="26" count="6" type="cond" truecount="1" falsecount="1"/>
      <line num="27" count="6" type="stmt"/>
      <line num="30" count="6" type="cond" truecount="2" falsecount="0"/>
      <line num="31" count="2" type="stmt"/>
      <line num="33" count="4" type="cond" truecount="1" falsecount="1"/>
      <line num="34" count="4" type="stmt"/>
      <line num="37" count="6" type="cond" truecount="2" falsecount="0"/>
      <line num="38" count="3" type="stmt"/>
      <line num="41" count="6" type="cond" truecount="2" falsecount="0"/>
      <line num="42" count="1" type="stmt"/>
      <line num="48" count="6" type="cond" truecount="2" falsecount="0"/>
      <line num="49" count="4" type="stmt"/>
      <line num="51" count="2" type="cond" truecount="1" falsecount="1"/>
      <line num="52" count="2" type="stmt"/>
      <line num="54" count="0" type="cond" truecount="0" falsecount="2"/>
      <line num="55" count="0" type="stmt"/>
      <line num="57" count="0" type="cond" truecount="0" falsecount="2"/>
      <line num="58" count="0" type="stmt"/>
      <line num="61" count="2" type="cond" truecount="2" falsecount="0"/>
      <line num="62" count="1" type="stmt"/>
      <line num="65" count="1" type="stmt"/>
      <line num="68" count="8" type="stmt"/>
      <line num="71" count="1" type="stmt"/>
    </file>
    <file name="songDecoder.js" path="/Users/codeponpon/Workspace/codeponpon/medcury-test/app/services/songDecoder.js">
      <metrics statements="2" coveredstatements="2" conditionals="0" coveredconditionals="0" methods="1" coveredmethods="1"/>
      <line num="2" count="3" type="stmt"/>
      <line num="5" count="1" type="stmt"/>
    </file>
  </project>
</coverage>
