<?xml version="1.0" encoding="UTF-8"?>
<coverage generated="1586537086008" clover="3.2.0">
  <project timestamp="1586537086008" name="All files">
    <metrics statements="48" coveredstatements="44" conditionals="28" coveredconditionals="21" methods="4" coveredmethods="4" elements="80" coveredelements="69" complexity="0" loc="48" ncloc="48" packages="1" files="2" classes="2"/>
    <file name="phoneBook.js" path="/Users/codeponpon/Workspace/codeponpon/medcury-test/app/services/phoneBook.js">
      <metrics statements="46" coveredstatements="42" conditionals="28" coveredconditionals="21" methods="3" coveredmethods="3"/>
      <line num="2" count="8" type="stmt"/>
      <line num="3" count="8" type="stmt"/>
      <line num="4" count="8" type="stmt"/>
      <line num="5" count="8" type="stmt"/>
      <line num="6" count="8" type="stmt"/>
      <line num="7" count="8" type="stmt"/>
      <line num="8" count="8" type="stmt"/>
      <line num="9" count="168" type="cond" truecount="2" falsecount="0"/>
      <line num="10" count="8" type="stmt"/>
      <line num="14" count="8" type="cond" truecount="2" falsecount="0"/>
      <line num="15" count="6" type="stmt"/>
      <line num="16" count="6" type="stmt"/>
      <line num="17" count="6" type="stmt"/>
      <line num="18" count="6" type="stmt"/>
      <line num="19" count="6" type="stmt"/>
      <line num="20" count="132" type="stmt"/>
      <line num="21" count="132" type="stmt"/>
      <line num="22" count="132" type="stmt"/>
      <line num="23" count="132" type="stmt"/>
      <line num="24" count="132" type="stmt"/>
      <line num="25" count="132" type="stmt"/>
      <line num="27" count="132" type="cond" truecount="4" falsecount="0"/>
      <line num="28" count="6" type="stmt"/>
      <line num="30" count="6" type="cond" truecount="1" falsecount="1"/>
      <line num="31" count="6" type="stmt"/>
      <line num="34" count="6" type="cond" truecount="2" falsecount="0"/>
      <line num="35" count="2" type="stmt"/>
      <line num="37" count="4" type="cond" truecount="1" falsecount="1"/>
      <line num="38" count="4" type="stmt"/>
      <line num="41" count="6" type="cond" truecount="2" falsecount="0"/>
      <line num="42" count="3" type="stmt"/>
      <line num="45" count="6" type="cond" truecount="2" falsecount="0"/>
      <line num="46" count="1" type="stmt"/>
      <line num="52" count="6" type="cond" truecount="2" falsecount="0"/>
      <line num="53" count="4" type="stmt"/>
      <line num="55" count="2" type="cond" truecount="1" falsecount="1"/>
      <line num="56" count="2" type="stmt"/>
      <line num="58" count="0" type="cond" truecount="0" falsecount="2"/>
      <line num="59" count="0" type="stmt"/>
      <line num="61" count="0" type="cond" truecount="0" falsecount="2"/>
      <line num="62" count="0" type="stmt"/>
      <line num="65" count="2" type="cond" truecount="2" falsecount="0"/>
      <line num="66" count="1" type="stmt"/>
      <line num="69" count="1" type="stmt"/>
      <line num="72" count="8" type="stmt"/>
      <line num="75" count="1" type="stmt"/>
    </file>
    <file name="songDecoder.js" path="/Users/codeponpon/Workspace/codeponpon/medcury-test/app/services/songDecoder.js">
      <metrics statements="2" coveredstatements="2" conditionals="0" coveredconditionals="0" methods="1" coveredmethods="1"/>
      <line num="2" count="3" type="stmt"/>
      <line num="5" count="1" type="stmt"/>
    </file>
  </project>
</coverage>
