{"/Users/codeponpon/Workspace/codeponpon/medcury-test/app/services/phoneBook.js": {"path":"/Users/codeponpon/Workspace/codeponpon/medcury-test/app/services/phoneBook.js","statementMap":{"0":{"start":{"line":2,"column":24},"end":{"line":2,"column":80}},"1":{"start":{"line":3,"column":14},"end":{"line":3,"column":16}},"2":{"start":{"line":3,"column":29},"end":{"line":3,"column":31}},"3":{"start":{"line":4,"column":2},"end":{"line":8,"column":4}},"4":{"start":{"line":5,"column":4},"end":{"line":7,"column":5}},"5":{"start":{"line":6,"column":6},"end":{"line":6,"column":30}},"6":{"start":{"line":10,"column":2},"end":{"line":66,"column":3}},"7":{"start":{"line":11,"column":21},"end":{"line":11,"column":39}},"8":{"start":{"line":12,"column":16},"end":{"line":12,"column":18}},"9":{"start":{"line":13,"column":20},"end":{"line":13,"column":22}},"10":{"start":{"line":14,"column":17},"end":{"line":14,"column":19}},"11":{"start":{"line":15,"column":4},"end":{"line":46,"column":6}},"12":{"start":{"line":16,"column":17},"end":{"line":16,"column":41}},"13":{"start":{"line":17,"column":20},"end":{"line":17,"column":50}},"14":{"start":{"line":18,"column":21},"end":{"line":18,"column":45}},"15":{"start":{"line":19,"column":21},"end":{"line":19,"column":62}},"16":{"start":{"line":20,"column":21},"end":{"line":20,"column":46}},"17":{"start":{"line":21,"column":22},"end":{"line":21,"column":74}},"18":{"start":{"line":23,"column":6},"end":{"line":45,"column":7}},"19":{"start":{"line":24,"column":8},"end":{"line":24,"column":50}},"20":{"start":{"line":26,"column":8},"end":{"line":28,"column":9}},"21":{"start":{"line":27,"column":10},"end":{"line":27,"column":61}},"22":{"start":{"line":30,"column":8},"end":{"line":35,"column":9}},"23":{"start":{"line":31,"column":10},"end":{"line":31,"column":123}},"24":{"start":{"line":33,"column":13},"end":{"line":35,"column":9}},"25":{"start":{"line":34,"column":10},"end":{"line":34,"column":100}},"26":{"start":{"line":37,"column":8},"end":{"line":39,"column":9}},"27":{"start":{"line":38,"column":10},"end":{"line":38,"column":123}},"28":{"start":{"line":41,"column":8},"end":{"line":43,"column":9}},"29":{"start":{"line":42,"column":10},"end":{"line":42,"column":105}},"30":{"start":{"line":48,"column":4},"end":{"line":59,"column":5}},"31":{"start":{"line":49,"column":6},"end":{"line":49,"column":94}},"32":{"start":{"line":51,"column":9},"end":{"line":59,"column":5}},"33":{"start":{"line":52,"column":6},"end":{"line":52,"column":94}},"34":{"start":{"line":54,"column":9},"end":{"line":59,"column":5}},"35":{"start":{"line":55,"column":6},"end":{"line":55,"column":94}},"36":{"start":{"line":57,"column":9},"end":{"line":59,"column":5}},"37":{"start":{"line":58,"column":6},"end":{"line":58,"column":94}},"38":{"start":{"line":61,"column":7},"end":{"line":66,"column":3}},"39":{"start":{"line":62,"column":4},"end":{"line":62,"column":49}},"40":{"start":{"line":65,"column":4},"end":{"line":65,"column":43}},"41":{"start":{"line":68,"column":2},"end":{"line":68,"column":17}},"42":{"start":{"line":71,"column":0},"end":{"line":71,"column":23}}},"fnMap":{"0":{"name":"phone","decl":{"start":{"line":1,"column":9},"end":{"line":1,"column":14}},"loc":{"start":{"line":1,"column":28},"end":{"line":69,"column":1}},"line":1},"1":{"name":"(anonymous_1)","decl":{"start":{"line":4,"column":21},"end":{"line":4,"column":22}},"loc":{"start":{"line":4,"column":39},"end":{"line":8,"column":3}},"line":4},"2":{"name":"(anonymous_2)","decl":{"start":{"line":15,"column":20},"end":{"line":15,"column":21}},"loc":{"start":{"line":15,"column":26},"end":{"line":46,"column":5}},"line":15}},"branchMap":{"0":{"loc":{"start":{"line":5,"column":4},"end":{"line":7,"column":5}},"type":"if","locations":[{"start":{"line":5,"column":4},"end":{"line":7,"column":5}},{"start":{"line":5,"column":4},"end":{"line":7,"column":5}}],"line":5},"1":{"loc":{"start":{"line":10,"column":2},"end":{"line":66,"column":3}},"type":"if","locations":[{"start":{"line":10,"column":2},"end":{"line":66,"column":3}},{"start":{"line":10,"column":2},"end":{"line":66,"column":3}}],"line":10},"2":{"loc":{"start":{"line":23,"column":6},"end":{"line":45,"column":7}},"type":"if","locations":[{"start":{"line":23,"column":6},"end":{"line":45,"column":7}},{"start":{"line":23,"column":6},"end":{"line":45,"column":7}}],"line":23},"3":{"loc":{"start":{"line":23,"column":9},"end":{"line":23,"column":66}},"type":"binary-expr","locations":[{"start":{"line":23,"column":9},"end":{"line":23,"column":26}},{"start":{"line":23,"column":30},"end":{"line":23,"column":66}}],"line":23},"4":{"loc":{"start":{"line":26,"column":8},"end":{"line":28,"column":9}},"type":"if","locations":[{"start":{"line":26,"column":8},"end":{"line":28,"column":9}},{"start":{"line":26,"column":8},"end":{"line":28,"column":9}}],"line":26},"5":{"loc":{"start":{"line":30,"column":8},"end":{"line":35,"column":9}},"type":"if","locations":[{"start":{"line":30,"column":8},"end":{"line":35,"column":9}},{"start":{"line":30,"column":8},"end":{"line":35,"column":9}}],"line":30},"6":{"loc":{"start":{"line":33,"column":13},"end":{"line":35,"column":9}},"type":"if","locations":[{"start":{"line":33,"column":13},"end":{"line":35,"column":9}},{"start":{"line":33,"column":13},"end":{"line":35,"column":9}}],"line":33},"7":{"loc":{"start":{"line":37,"column":8},"end":{"line":39,"column":9}},"type":"if","locations":[{"start":{"line":37,"column":8},"end":{"line":39,"column":9}},{"start":{"line":37,"column":8},"end":{"line":39,"column":9}}],"line":37},"8":{"loc":{"start":{"line":41,"column":8},"end":{"line":43,"column":9}},"type":"if","locations":[{"start":{"line":41,"column":8},"end":{"line":43,"column":9}},{"start":{"line":41,"column":8},"end":{"line":43,"column":9}}],"line":41},"9":{"loc":{"start":{"line":48,"column":4},"end":{"line":59,"column":5}},"type":"if","locations":[{"start":{"line":48,"column":4},"end":{"line":59,"column":5}},{"start":{"line":48,"column":4},"end":{"line":59,"column":5}}],"line":48},"10":{"loc":{"start":{"line":51,"column":9},"end":{"line":59,"column":5}},"type":"if","locations":[{"start":{"line":51,"column":9},"end":{"line":59,"column":5}},{"start":{"line":51,"column":9},"end":{"line":59,"column":5}}],"line":51},"11":{"loc":{"start":{"line":54,"column":9},"end":{"line":59,"column":5}},"type":"if","locations":[{"start":{"line":54,"column":9},"end":{"line":59,"column":5}},{"start":{"line":54,"column":9},"end":{"line":59,"column":5}}],"line":54},"12":{"loc":{"start":{"line":57,"column":9},"end":{"line":59,"column":5}},"type":"if","locations":[{"start":{"line":57,"column":9},"end":{"line":59,"column":5}},{"start":{"line":57,"column":9},"end":{"line":59,"column":5}}],"line":57},"13":{"loc":{"start":{"line":61,"column":7},"end":{"line":66,"column":3}},"type":"if","locations":[{"start":{"line":61,"column":7},"end":{"line":66,"column":3}},{"start":{"line":61,"column":7},"end":{"line":66,"column":3}}],"line":61}},"s":{"0":8,"1":8,"2":8,"3":8,"4":168,"5":8,"6":8,"7":6,"8":6,"9":6,"10":6,"11":6,"12":132,"13":132,"14":132,"15":132,"16":132,"17":132,"18":132,"19":6,"20":6,"21":6,"22":6,"23":2,"24":4,"25":4,"26":6,"27":3,"28":6,"29":1,"30":6,"31":4,"32":2,"33":2,"34":0,"35":0,"36":0,"37":0,"38":2,"39":1,"40":1,"41":8,"42":1},"f":{"0":8,"1":168,"2":132},"b":{"0":[8,160],"1":[6,2],"2":[6,126],"3":[132,126],"4":[6,0],"5":[2,4],"6":[4,0],"7":[3,3],"8":[1,5],"9":[4,2],"10":[2,0],"11":[0,0],"12":[0,0],"13":[1,1]},"_coverageSchema":"1a1c01bbd47fc00a2c39e90264f33305004495a9","hash":"ff96179ae17121bcc955ce9fd1ba3ca0e46dc226"}
,"/Users/codeponpon/Workspace/codeponpon/medcury-test/app/services/songDecoder.js": {"path":"/Users/codeponpon/Workspace/codeponpon/medcury-test/app/services/songDecoder.js","statementMap":{"0":{"start":{"line":2,"column":2},"end":{"line":2,"column":58}},"1":{"start":{"line":5,"column":0},"end":{"line":5,"column":29}}},"fnMap":{"0":{"name":"songDecoder","decl":{"start":{"line":1,"column":9},"end":{"line":1,"column":20}},"loc":{"start":{"line":1,"column":26},"end":{"line":3,"column":1}},"line":1}},"branchMap":{},"s":{"0":3,"1":1},"f":{"0":3},"b":{},"_coverageSchema":"1a1c01bbd47fc00a2c39e90264f33305004495a9","hash":"7a6997b81fc9528bab0c9b09f416ba89f42e63fa"}
}
