{"/Users/codeponpon/Workspace/codeponpon/medcury-test/app/services/phoneBook.js": {"path":"/Users/codeponpon/Workspace/codeponpon/medcury-test/app/services/phoneBook.js","statementMap":{"0":{"start":{"line":2,"column":20},"end":{"line":2,"column":48}},"1":{"start":{"line":3,"column":23},"end":{"line":3,"column":52}},"2":{"start":{"line":4,"column":23},"end":{"line":4,"column":51}},"3":{"start":{"line":5,"column":24},"end":{"line":5,"column":80}},"4":{"start":{"line":6,"column":14},"end":{"line":6,"column":16}},"5":{"start":{"line":7,"column":17},"end":{"line":7,"column":19}},"6":{"start":{"line":8,"column":2},"end":{"line":12,"column":4}},"7":{"start":{"line":9,"column":4},"end":{"line":11,"column":5}},"8":{"start":{"line":10,"column":6},"end":{"line":10,"column":30}},"9":{"start":{"line":14,"column":2},"end":{"line":70,"column":3}},"10":{"start":{"line":15,"column":21},"end":{"line":15,"column":39}},"11":{"start":{"line":16,"column":16},"end":{"line":16,"column":18}},"12":{"start":{"line":17,"column":20},"end":{"line":17,"column":22}},"13":{"start":{"line":18,"column":17},"end":{"line":18,"column":19}},"14":{"start":{"line":19,"column":4},"end":{"line":50,"column":6}},"15":{"start":{"line":20,"column":17},"end":{"line":20,"column":41}},"16":{"start":{"line":21,"column":20},"end":{"line":21,"column":50}},"17":{"start":{"line":22,"column":21},"end":{"line":22,"column":45}},"18":{"start":{"line":23,"column":21},"end":{"line":23,"column":62}},"19":{"start":{"line":24,"column":21},"end":{"line":24,"column":46}},"20":{"start":{"line":25,"column":22},"end":{"line":25,"column":74}},"21":{"start":{"line":27,"column":6},"end":{"line":49,"column":7}},"22":{"start":{"line":28,"column":8},"end":{"line":28,"column":50}},"23":{"start":{"line":30,"column":8},"end":{"line":32,"column":9}},"24":{"start":{"line":31,"column":10},"end":{"line":31,"column":61}},"25":{"start":{"line":34,"column":8},"end":{"line":39,"column":9}},"26":{"start":{"line":35,"column":10},"end":{"line":35,"column":123}},"27":{"start":{"line":37,"column":13},"end":{"line":39,"column":9}},"28":{"start":{"line":38,"column":10},"end":{"line":38,"column":158}},"29":{"start":{"line":41,"column":8},"end":{"line":43,"column":9}},"30":{"start":{"line":42,"column":10},"end":{"line":42,"column":158}},"31":{"start":{"line":45,"column":8},"end":{"line":47,"column":9}},"32":{"start":{"line":46,"column":10},"end":{"line":46,"column":158}},"33":{"start":{"line":52,"column":4},"end":{"line":63,"column":5}},"34":{"start":{"line":53,"column":6},"end":{"line":53,"column":94}},"35":{"start":{"line":55,"column":9},"end":{"line":63,"column":5}},"36":{"start":{"line":56,"column":6},"end":{"line":56,"column":94}},"37":{"start":{"line":58,"column":9},"end":{"line":63,"column":5}},"38":{"start":{"line":59,"column":6},"end":{"line":59,"column":94}},"39":{"start":{"line":61,"column":9},"end":{"line":63,"column":5}},"40":{"start":{"line":62,"column":6},"end":{"line":62,"column":94}},"41":{"start":{"line":65,"column":7},"end":{"line":70,"column":3}},"42":{"start":{"line":66,"column":4},"end":{"line":66,"column":49}},"43":{"start":{"line":69,"column":4},"end":{"line":69,"column":43}},"44":{"start":{"line":72,"column":2},"end":{"line":72,"column":17}},"45":{"start":{"line":75,"column":0},"end":{"line":75,"column":23}}},"fnMap":{"0":{"name":"phone","decl":{"start":{"line":1,"column":9},"end":{"line":1,"column":14}},"loc":{"start":{"line":1,"column":28},"end":{"line":73,"column":1}},"line":1},"1":{"name":"(anonymous_1)","decl":{"start":{"line":8,"column":21},"end":{"line":8,"column":22}},"loc":{"start":{"line":8,"column":39},"end":{"line":12,"column":3}},"line":8},"2":{"name":"(anonymous_2)","decl":{"start":{"line":19,"column":20},"end":{"line":19,"column":21}},"loc":{"start":{"line":19,"column":26},"end":{"line":50,"column":5}},"line":19}},"branchMap":{"0":{"loc":{"start":{"line":9,"column":4},"end":{"line":11,"column":5}},"type":"if","locations":[{"start":{"line":9,"column":4},"end":{"line":11,"column":5}},{"start":{"line":9,"column":4},"end":{"line":11,"column":5}}],"line":9},"1":{"loc":{"start":{"line":14,"column":2},"end":{"line":70,"column":3}},"type":"if","locations":[{"start":{"line":14,"column":2},"end":{"line":70,"column":3}},{"start":{"line":14,"column":2},"end":{"line":70,"column":3}}],"line":14},"2":{"loc":{"start":{"line":27,"column":6},"end":{"line":49,"column":7}},"type":"if","locations":[{"start":{"line":27,"column":6},"end":{"line":49,"column":7}},{"start":{"line":27,"column":6},"end":{"line":49,"column":7}}],"line":27},"3":{"loc":{"start":{"line":27,"column":9},"end":{"line":27,"column":66}},"type":"binary-expr","locations":[{"start":{"line":27,"column":9},"end":{"line":27,"column":26}},{"start":{"line":27,"column":30},"end":{"line":27,"column":66}}],"line":27},"4":{"loc":{"start":{"line":30,"column":8},"end":{"line":32,"column":9}},"type":"if","locations":[{"start":{"line":30,"column":8},"end":{"line":32,"column":9}},{"start":{"line":30,"column":8},"end":{"line":32,"column":9}}],"line":30},"5":{"loc":{"start":{"line":34,"column":8},"end":{"line":39,"column":9}},"type":"if","locations":[{"start":{"line":34,"column":8},"end":{"line":39,"column":9}},{"start":{"line":34,"column":8},"end":{"line":39,"column":9}}],"line":34},"6":{"loc":{"start":{"line":37,"column":13},"end":{"line":39,"column":9}},"type":"if","locations":[{"start":{"line":37,"column":13},"end":{"line":39,"column":9}},{"start":{"line":37,"column":13},"end":{"line":39,"column":9}}],"line":37},"7":{"loc":{"start":{"line":41,"column":8},"end":{"line":43,"column":9}},"type":"if","locations":[{"start":{"line":41,"column":8},"end":{"line":43,"column":9}},{"start":{"line":41,"column":8},"end":{"line":43,"column":9}}],"line":41},"8":{"loc":{"start":{"line":45,"column":8},"end":{"line":47,"column":9}},"type":"if","locations":[{"start":{"line":45,"column":8},"end":{"line":47,"column":9}},{"start":{"line":45,"column":8},"end":{"line":47,"column":9}}],"line":45},"9":{"loc":{"start":{"line":52,"column":4},"end":{"line":63,"column":5}},"type":"if","locations":[{"start":{"line":52,"column":4},"end":{"line":63,"column":5}},{"start":{"line":52,"column":4},"end":{"line":63,"column":5}}],"line":52},"10":{"loc":{"start":{"line":55,"column":9},"end":{"line":63,"column":5}},"type":"if","locations":[{"start":{"line":55,"column":9},"end":{"line":63,"column":5}},{"start":{"line":55,"column":9},"end":{"line":63,"column":5}}],"line":55},"11":{"loc":{"start":{"line":58,"column":9},"end":{"line":63,"column":5}},"type":"if","locations":[{"start":{"line":58,"column":9},"end":{"line":63,"column":5}},{"start":{"line":58,"column":9},"end":{"line":63,"column":5}}],"line":58},"12":{"loc":{"start":{"line":61,"column":9},"end":{"line":63,"column":5}},"type":"if","locations":[{"start":{"line":61,"column":9},"end":{"line":63,"column":5}},{"start":{"line":61,"column":9},"end":{"line":63,"column":5}}],"line":61},"13":{"loc":{"start":{"line":65,"column":7},"end":{"line":70,"column":3}},"type":"if","locations":[{"start":{"line":65,"column":7},"end":{"line":70,"column":3}},{"start":{"line":65,"column":7},"end":{"line":70,"column":3}}],"line":65}},"s":{"0":8,"1":8,"2":8,"3":8,"4":8,"5":8,"6":8,"7":168,"8":8,"9":8,"10":6,"11":6,"12":6,"13":6,"14":6,"15":132,"16":132,"17":132,"18":132,"19":132,"20":132,"21":132,"22":6,"23":6,"24":6,"25":6,"26":2,"27":4,"28":4,"29":6,"30":3,"31":6,"32":1,"33":6,"34":4,"35":2,"36":2,"37":0,"38":0,"39":0,"40":0,"41":2,"42":1,"43":1,"44":8,"45":1},"f":{"0":8,"1":168,"2":132},"b":{"0":[8,160],"1":[6,2],"2":[6,126],"3":[132,126],"4":[6,0],"5":[2,4],"6":[4,0],"7":[3,3],"8":[1,5],"9":[4,2],"10":[2,0],"11":[0,0],"12":[0,0],"13":[1,1]},"_coverageSchema":"1a1c01bbd47fc00a2c39e90264f33305004495a9","hash":"47e820d058db076fbc2c525389d93e02bdea3273"}
,"/Users/codeponpon/Workspace/codeponpon/medcury-test/app/services/songDecoder.js": {"path":"/Users/codeponpon/Workspace/codeponpon/medcury-test/app/services/songDecoder.js","statementMap":{"0":{"start":{"line":2,"column":2},"end":{"line":2,"column":58}},"1":{"start":{"line":5,"column":0},"end":{"line":5,"column":29}}},"fnMap":{"0":{"name":"songDecoder","decl":{"start":{"line":1,"column":9},"end":{"line":1,"column":20}},"loc":{"start":{"line":1,"column":26},"end":{"line":3,"column":1}},"line":1}},"branchMap":{},"s":{"0":3,"1":1},"f":{"0":3},"b":{},"_coverageSchema":"1a1c01bbd47fc00a2c39e90264f33305004495a9","hash":"7a6997b81fc9528bab0c9b09f416ba89f42e63fa"}
}
