TN:
SF:app/services/phoneBook.js
FN:1,phone
FN:8,(anonymous_1)
FN:19,(anonymous_2)
FNF:3
FNH:3
FNDA:8,phone
FNDA:168,(anonymous_1)
FNDA:132,(anonymous_2)
DA:2,8
DA:3,8
DA:4,8
DA:5,8
DA:6,8
DA:7,8
DA:8,8
DA:9,168
DA:10,8
DA:14,8
DA:15,6
DA:16,6
DA:17,6
DA:18,6
DA:19,6
DA:20,132
DA:21,132
DA:22,132
DA:23,132
DA:24,132
DA:25,132
DA:27,132
DA:28,6
DA:30,6
DA:31,6
DA:34,6
DA:35,2
DA:37,4
DA:38,4
DA:41,6
DA:42,3
DA:45,6
DA:46,1
DA:52,6
DA:53,4
DA:55,2
DA:56,2
DA:58,0
DA:59,0
DA:61,0
DA:62,0
DA:65,2
DA:66,1
DA:69,1
DA:72,8
DA:75,1
LF:46
LH:42
BRDA:9,0,0,8
BRDA:9,0,1,160
BRDA:14,1,0,6
BRDA:14,1,1,2
BRDA:27,2,0,6
BRDA:27,2,1,126
BRDA:27,3,0,132
BRDA:27,3,1,126
BRDA:30,4,0,6
BRDA:30,4,1,0
BRDA:34,5,0,2
BRDA:34,5,1,4
BRDA:37,6,0,4
BRDA:37,6,1,0
BRDA:41,7,0,3
BRDA:41,7,1,3
BRDA:45,8,0,1
BRDA:45,8,1,5
BRDA:52,9,0,4
BRDA:52,9,1,2
BRDA:55,10,0,2
BRDA:55,10,1,0
BRDA:58,11,0,0
BRDA:58,11,1,0
BRDA:61,12,0,0
BRDA:61,12,1,0
BRDA:65,13,0,1
BRDA:65,13,1,1
BRF:28
BRH:21
end_of_record
TN:
SF:app/services/songDecoder.js
FN:1,songDecoder
FNF:1
FNH:1
FNDA:3,songDecoder
DA:2,3
DA:5,1
LF:2
LH:2
BRF:0
BRH:0
end_of_record
