TN:
SF:app/services/phoneBook.js
FN:1,phone
FN:4,(anonymous_1)
FN:15,(anonymous_2)
FNF:3
FNH:3
FNDA:8,phone
FNDA:168,(anonymous_1)
FNDA:132,(anonymous_2)
DA:2,8
DA:3,8
DA:4,8
DA:5,168
DA:6,8
DA:10,8
DA:11,6
DA:12,6
DA:13,6
DA:14,6
DA:15,6
DA:16,132
DA:17,132
DA:18,132
DA:19,132
DA:20,132
DA:21,132
DA:23,132
DA:24,6
DA:26,6
DA:27,6
DA:30,6
DA:31,2
DA:33,4
DA:34,4
DA:37,6
DA:38,3
DA:41,6
DA:42,1
DA:48,6
DA:49,4
DA:51,2
DA:52,2
DA:54,0
DA:55,0
DA:57,0
DA:58,0
DA:61,2
DA:62,1
DA:65,1
DA:68,8
DA:71,1
LF:42
LH:38
BRDA:5,0,0,8
BRDA:5,0,1,160
BRDA:10,1,0,6
BRDA:10,1,1,2
BRDA:23,2,0,6
BRDA:23,2,1,126
BRDA:23,3,0,132
BRDA:23,3,1,126
BRDA:26,4,0,6
BRDA:26,4,1,0
BRDA:30,5,0,2
BRDA:30,5,1,4
BRDA:33,6,0,4
BRDA:33,6,1,0
BRDA:37,7,0,3
BRDA:37,7,1,3
BRDA:41,8,0,1
BRDA:41,8,1,5
BRDA:48,9,0,4
BRDA:48,9,1,2
BRDA:51,10,0,2
BRDA:51,10,1,0
BRDA:54,11,0,0
BRDA:54,11,1,0
BRDA:57,12,0,0
BRDA:57,12,1,0
BRDA:61,13,0,1
BRDA:61,13,1,1
BRF:28
BRH:21
end_of_record
TN:
SF:app/services/songDecoder.js
FN:1,songDecoder
FNF:1
FNH:1
FNDA:3,songDecoder
DA:2,3
DA:5,1
LF:2
LH:2
BRF:0
BRH:0
end_of_record
